Build started 12/8/2015 9:09:21 AM.
     1>Project "C:\Users\morenkov.a\Documents\GitHub\Lab3_Stack\Lab3_Stack\Lab3_Stack.vcxproj" on node 3 (rebuild target(s)).
     1>_PrepareForClean:
         Deleting file "Debug\Core.lastbuildstate".
       InitializeBuildStatus:
         Creating "Debug\Core.unsuccessfulbuild" because "AlwaysCreate" was specified.
       ClCompile:
         c:\Program Files (x86)\Microsoft Visual Studio 10.0\VC\bin\CL.exe /c /ZI /nologo /W3 /WX- /Od /Oy- /D WIN32 /D _DEBUG /D _CONSOLE /D _UNICODE /D UNICODE /Gm /EHsc /RTC1 /MDd /GS /fp:precise /Zc:wchar_t /Zc:forScope /Fo"Debug\\" /Fd"Debug\vc100.pdb" /Gd /TP /analyze- /errorReport:prompt Core.cpp stdafx.cpp
         stdafx.cpp
         Core.cpp
     1>c:\users\morenkov.a\documents\github\lab3_stack\lab3_stack\tparcer.h(32): warning C4996: 'strcpy': This function or variable may be unsafe. Consider using strcpy_s instead. To disable deprecation, use _CRT_SECURE_NO_WARNINGS. See online help for details.
                 c:\program files (x86)\microsoft visual studio 10.0\vc\include\string.h(105) : see declaration of 'strcpy'
     1>c:\users\morenkov.a\documents\github\lab3_stack\lab3_stack\core.cpp(18): warning C4996: 'gets': This function or variable may be unsafe. Consider using gets_s instead. To disable deprecation, use _CRT_SECURE_NO_WARNINGS. See online help for details.
                 c:\program files (x86)\microsoft visual studio 10.0\vc\include\stdio.h(277) : see declaration of 'gets'
         Generating Code...
       Link:
         c:\Program Files (x86)\Microsoft Visual Studio 10.0\VC\bin\link.exe /ERRORREPORT:PROMPT /OUT:"C:\Users\morenkov.a\Documents\GitHub\Lab3_Stack\Debug\Core.exe" /INCREMENTAL:NO /NOLOGO kernel32.lib user32.lib gdi32.lib winspool.lib comdlg32.lib advapi32.lib shell32.lib ole32.lib oleaut32.lib uuid.lib odbc32.lib odbccp32.lib /MANIFEST /ManifestFile:"Debug\Core.exe.intermediate.manifest" /MANIFESTUAC:"level='asInvoker' uiAccess='false'" /DEBUG /PDB:"C:\Users\morenkov.a\Documents\GitHub\Lab3_Stack\Debug\Core.pdb" /SUBSYSTEM:CONSOLE /TLBID:1 /DYNAMICBASE /NXCOMPAT /IMPLIB:"C:\Users\morenkov.a\Documents\GitHub\Lab3_Stack\Debug\Core.lib" /MACHINE:X86 Debug\Core.obj
         Debug\stdafx.obj
     1>Core.obj : warning LNK4075: ignoring '/EDITANDCONTINUE' due to '/INCREMENTAL:NO' specification
         Lab3_Stack.vcxproj -> C:\Users\morenkov.a\Documents\GitHub\Lab3_Stack\Debug\Core.exe
       Manifest:
         C:\Program Files (x86)\Microsoft SDKs\Windows\v7.0A\bin\mt.exe /nologo /verbose /outputresource:"C:\Users\morenkov.a\Documents\GitHub\Lab3_Stack\Debug\Core.exe;#1" /manifest Debug\Core.exe.intermediate.manifest
       FinalizeBuildStatus:
         Deleting file "Debug\Core.unsuccessfulbuild".
         Touching "Debug\Core.lastbuildstate".
     1>Done Building Project "C:\Users\morenkov.a\Documents\GitHub\Lab3_Stack\Lab3_Stack\Lab3_Stack.vcxproj" (rebuild target(s)).

Build succeeded.

Time Elapsed 00:00:00.90
